BFDA
BDFA

D
D
SW
A
S
FDFA
CODEST,
code stars.id
snsk
BKAKND
SSKS
OPAO
BVBKMSKMD
KSMK
KAMOS
POHSN
KSKM
bdknank
ANKANSA
akka
WSDDD
CCC
AAAA

ppp
PP
nknan
MKK
uuuixixxnn
%

1
2
3
45
6789010
+_




|




,
?
":


[Esc]

~
`
~
[Esc]
[Esc]
[Tab]




key
::al
 =. some
"[]ALT.tos
[ALT]
[ALT][ALT]
[ALT]
[ALT]
[ALT][ALT][ALT]
 [ALT][ALT][ALT]
[ALT][ALT][ALT]
ll


key
::up
 =. so
"[]UP Arrow.tos
,c
v
v
le
Lefr
Rig:ar
Downs
[]
0-=
'/.,;[]

[UP Arrow]
[Down Arrow]
[Right Arrow]
[Left Arrow]
nknk[Right Arrow]
fdknsfns
kakjdka
kdkjak;a
bSKSA
DDD
KLLI
sskks
error
codestars.id@gmail.com
lorem*50

skns
knkskkss
joko kamu dimana
los
bagaimana jika ingin bot nya mengirim pesan ke group yang sudah disediakan
kskal
contoh
kamu dimana
lagi sama siapa
hei
k
S
2
@
kk

k
k
k
kk

kk
k

kkk


k
kk

k
kk

k
kk

k
kk

k
kk

k
kk

k
kk

k
kk

k
k
k
k
k
k
k
k
k
k
k
k
k
k
k
k
k
k
k
k
k
k
k
k
k
k
k
k
k
k
kk

kk

k
k
k
k
k
k
k
k
k
k
k
k
k
k
kk

k
k
k
k
k
k
k
k
k
k
k
k
k
k
k
k
k
k
k
k
k
k
k














































































































nnwebnnwebnnweb


nnweb
nnweb
nnweb
nnweb
nnweb
nnweb
nnweb
nnweb
nnweb
nnweb
nnweb
nnweb
nnweb
nnweb
nnweb
nnweb
nnweb
nnweb
nnweb
nnweb
nnweb
nnweb
nnweb
nnweb
nnweb
nnweb
nnweb
nnweb
nnweb
nnweb
nnweb
nnweb
nnweb
nnweb
nnwebnnweb

nnweb
nnweb
nnweb
nnweb
nnweb
nnweb
nnweb
nnweb
nnweb
nnweb
nnweb
nnweb
nnweb
nnweb
nnweb
nnweb
nnweb
nnweb
nnweb
nnweb
nnweb
nnweb
nnweb
nnweb
nnweb
nnweb
nnweb
nnweb
nnweb
nnweb
nnweb
nnweb
nnwebnnweb

nnweb
nnweb
nnweb
nnweb
nnweb
nnweb
nnweb
nnweb
nnweb
nnweb
nnweb
nnweb
nnweb
nnweb
nnweb
nnweb
nnweb
nnweb
nnweb
nnweb
nnweb
nnweb
nnweb
nnweb
nnweb
nnweb
nnweb
nnweb
nnweb
nnweb
nnweb
nnweb
nnweb
nnweb
nnweb
nnweb
nnweb
contohcontohcontoh


contoh
contoh
contoh
contoh
contoh
contoh
contoh
contohcontoh

contohcontoh

contoh
contoh
contoh
contoh
contoh
contoh
contoh
contoh
contoh
contoh
contoh
contoh
contoh
contoh
contoh
contoh
contoh
contoh
contoh
contoh
contoh
contoh
contoh
contoh
contoh
contoh
contoh
contoh
contoh
contoh
contoh
contoh
contoh
contoh
contoh
contoh
contoh
contoh
contoh
contoh
contoh
contoh
contoh
contoh
contoh
contoh
contoh
contoh
contoh
contoh
contoh
contoh
contoh
contoh
contoh
contoh
contoh
contoh
contoh
contoh
contoh
contoh
contoh
contoh
contohcontoh

contohcontoh

contoh
contoh
contoh
contoh
contoh
contoh
contoh
contoh
contoh
contoh
contoh
contoh
contoh
contoh
contoh
contoh
contohcontoh

contoh
contoh
contoh
contoh
contoh
contoh
contoh
contoh
contoh
contoh
knanka
contoh
kamu dimana
kamu dimana
we

ksks
fkd
